<?xml version="1.0" encoding="UTF-8"?>
<testsuite xmlns:xsi="http://www.w3.org/2001/XMLSchema-instance" xsi:noNamespaceSchemaLocation="https://maven.apache.org/surefire/maven-surefire-plugin/xsd/surefire-test-report.xsd" name="com.springframework.sfgpetclinic.controllers.OwnerControllerTest" time="0.233" tests="2" errors="0" skipped="0" failures="0">
  <properties>
[...]
</properties>
  <testcase name="findOwners" classname="com.springframework.sfgpetclinic.controllers.OwnerControllerTest" time="0.178"/>
  <testcase name="listPetOwners" classname="com.springframework.sfgpetclinic.controllers.OwnerControllerTest" time="0.052"/>
</testsuite>