<?xml version="1.0" encoding="UTF-8"?>
<testsuite xmlns:xsi="http://www.w3.org/2001/XMLSchema-instance" xsi:noNamespaceSchemaLocation="https://maven.apache.org/surefire/maven-surefire-plugin/xsd/surefire-test-report.xsd" name="com.springframework.sfgpetclinic.services.database_stub.springdatajpa.OwnerSDJpaServiceTest" time="0.752" tests="5" errors="0" skipped="0" failures="0">
  <properties>
[...]
</properties>
  <testcase name="delete" classname="com.springframework.sfgpetclinic.services.database_stub.springdatajpa.OwnerSDJpaServiceTest" time="0.724"/>
  <testcase name="findAll" classname="com.springframework.sfgpetclinic.services.database_stub.springdatajpa.OwnerSDJpaServiceTest" time="0.007"/>
  <testcase name="findById" classname="com.springframework.sfgpetclinic.services.database_stub.springdatajpa.OwnerSDJpaServiceTest" time="0.004"/>
  <testcase name="save" classname="com.springframework.sfgpetclinic.services.database_stub.springdatajpa.OwnerSDJpaServiceTest" time="0.002"/>
  <testcase name="deleteById" classname="com.springframework.sfgpetclinic.services.database_stub.springdatajpa.OwnerSDJpaServiceTest" time="0.002"/>
</testsuite>